# JRE version: Java(TM) SE Runtime Environment 18.9 (11.0.11+9) (build 11.0.11+9-LTS-194)
# Java VM: Java HotSpot(TM) 64-Bit Server VM 18.9 (11.0.11+9-LTS-194, mixed mode, tiered, compressed oops, g1 gc, bsd-amd64)
Heap:
 garbage-first heap   total 157696K, used 48212K [0x0000000780000000, 0x0000000800000000)
  region size 1024K, 28 young (28672K), 11 survivors (11264K)
 Metaspace       used 67117K, capacity 69097K, committed 69120K, reserved 1107968K
  class space    used 8920K, capacity 9720K, committed 9728K, reserved 1048576K
GC Heap History (10 events):
Event: 4.256 GC heap before
{Heap before GC invocations=8 (full 0):
 garbage-first heap   total 131072K, used 85964K [0x0000000780000000, 0x0000000800000000)
  region size 1024K, 76 young (77824K), 8 survivors (8192K)
 Metaspace       used 38082K, capacity 39355K, committed 39680K, reserved 1083392K
  class space    used 4852K, capacity 5376K, committed 5376K, reserved 1048576K
}
Event: 4.268 GC heap after
{Heap after GC invocations=9 (full 0):
 garbage-first heap   total 131072K, used 19706K [0x0000000780000000, 0x0000000800000000)
  region size 1024K, 7 young (7168K), 7 survivors (7168K)
 Metaspace       used 38082K, capacity 39355K, committed 39680K, reserved 1083392K
  class space    used 4852K, capacity 5376K, committed 5376K, reserved 1048576K
}
Event: 4.702 GC heap before
{Heap before GC invocations=9 (full 0):
 garbage-first heap   total 131072K, used 94458K [0x0000000780000000, 0x0000000800000000)
  region size 1024K, 76 young (77824K), 7 survivors (7168K)
 Metaspace       used 43925K, capacity 45326K, committed 45568K, reserved 1089536K
  class space    used 5750K, capacity 6320K, committed 6400K, reserved 1048576K
}
Event: 4.711 GC heap after
{Heap after GC invocations=10 (full 0):
 garbage-first heap   total 157696K, used 20977K [0x0000000780000000, 0x0000000800000000)
  region size 1024K, 5 young (5120K), 5 survivors (5120K)
 Metaspace       used 43925K, capacity 45326K, committed 45568K, reserved 1089536K
  class space    used 5750K, capacity 6320K, committed 6400K, reserved 1048576K
}
Event: 5.789 GC heap before
{Heap before GC invocations=10 (full 0):
 garbage-first heap   total 157696K, used 110065K [0x0000000780000000, 0x0000000800000000)
  region size 1024K, 92 young (94208K), 5 survivors (5120K)
 Metaspace       used 55434K, capacity 56959K, committed 57216K, reserved 1097728K
  class space    used 7345K, capacity 7972K, committed 8064K, reserved 1048576K
}
Event: 5.795 GC heap after
{Heap after GC invocations=11 (full 0):
 garbage-first heap   total 157696K, used 24328K [0x0000000780000000, 0x0000000800000000)
  region size 1024K, 8 young (8192K), 8 survivors (8192K)
 Metaspace       used 55434K, capacity 56959K, committed 57216K, reserved 1097728K
  class space    used 7345K, capacity 7972K, committed 8064K, reserved 1048576K
}
Event: 6.071 GC heap before
{Heap before GC invocations=11 (full 0):
 garbage-first heap   total 157696K, used 49928K [0x0000000780000000, 0x0000000800000000)
  region size 1024K, 34 young (34816K), 8 survivors (8192K)
 Metaspace       used 58320K, capacity 59947K, committed 60160K, reserved 1101824K
  class space    used 7674K, capacity 8350K, committed 8448K, reserved 1048576K
}
Event: 6.079 GC heap after
{Heap after GC invocations=12 (full 0):
 garbage-first heap   total 157696K, used 26246K [0x0000000780000000, 0x0000000800000000)
  region size 1024K, 8 young (8192K), 8 survivors (8192K)
 Metaspace       used 58320K, capacity 59947K, committed 60160K, reserved 1101824K
  class space    used 7674K, capacity 8350K, committed 8448K, reserved 1048576K
}
Event: 7.074 GC heap before
{Heap before GC invocations=13 (full 0):
 garbage-first heap   total 157696K, used 112262K [0x0000000780000000, 0x0000000800000000)
  region size 1024K, 92 young (94208K), 8 survivors (8192K)
 Metaspace       used 66344K, capacity 68295K, committed 68480K, reserved 1107968K
  class space    used 8817K, capacity 9590K, committed 9600K, reserved 1048576K
}
Event: 7.087 GC heap after
{Heap after GC invocations=14 (full 0):
 garbage-first heap   total 157696K, used 31828K [0x0000000780000000, 0x0000000800000000)
  region size 1024K, 11 young (11264K), 11 survivors (11264K)
 Metaspace       used 66344K, capacity 68295K, committed 68480K, reserved 1107968K
  class space    used 8817K, capacity 9590K, committed 9600K, reserved 1048576K
}

